\BOOKMARK [1][-]{section.1}{Introduction}{}% 1
\BOOKMARK [1][-]{section.2}{Vision}{}% 2
\BOOKMARK [1][-]{section.3}{Background}{}% 3
\BOOKMARK [2][-]{subsection.3.1}{The client's problem}{section.3}% 4
\BOOKMARK [2][-]{subsection.3.2}{Future business/research opportunities}{section.3}% 5
\BOOKMARK [1][-]{section.4}{Software Architecture Documentation ...}{}% 6
\BOOKMARK [2][-]{subsection.4.1}{Architecture requirements}{section.4}% 7
\BOOKMARK [3][-]{subsubsection.4.1.1}{Architectural Scope}{subsection.4.1}% 8
\BOOKMARK [3][-]{subsubsection.4.1.2}{Quality requirements}{subsection.4.1}% 9
\BOOKMARK [2][-]{subsection.4.2}{Integration and access channel requirements}{section.4}% 10
\BOOKMARK [3][-]{subsubsection.4.2.1}{Architectural constraints ... }{subsection.4.2}% 11
\BOOKMARK [1][-]{section.5}{Architectural patterns or styles ...}{}% 12
\BOOKMARK [1][-]{section.6}{Architectural tactics or strategies}{}% 13
\BOOKMARK [1][-]{section.7}{Use of reference architectures and frameworks ...}{}% 14
\BOOKMARK [1][-]{section.8}{Access and integration channels}{}% 15
\BOOKMARK [2][-]{subsubsection.8.0.2}{Apache CouchDB Database System}{section.8}% 16
\BOOKMARK [3][-]{subsubsection.8.0.3}{Web services}{subsubsection.8.0.2}% 17
\BOOKMARK [2][-]{subsection.8.1}{Access channels}{section.8}% 18
\BOOKMARK [2][-]{subsection.8.2}{Protocols}{section.8}% 19
\BOOKMARK [3][-]{subsubsection.8.2.1}{Database Query Language}{subsection.8.2}% 20
\BOOKMARK [3][-]{subsubsection.8.2.2}{HTTP - Hypertext Transfer Protocol}{subsection.8.2}% 21
\BOOKMARK [3][-]{subsubsection.8.2.3}{HTTP - Hypertext Transfer Protocol..}{subsection.8.2}% 22
\BOOKMARK [3][-]{subsubsection.8.2.4}{TCP - Transmission Control Protocol..}{subsection.8.2}% 23
\BOOKMARK [3][-]{subsubsection.8.2.5}{SMTP - Simple Mail Transfer Protocol..}{subsection.8.2}% 24
\BOOKMARK [2][-]{subsection.8.3}{API specifications}{section.8}% 25
\BOOKMARK [3][-]{subsubsection.8.3.1}{Apache Maven}{subsection.8.3}% 26
\BOOKMARK [3][-]{subsubsection.8.3.2}{REST -}{subsection.8.3}% 27
\BOOKMARK [3][-]{subsubsection.8.3.3}{GIT}{subsection.8.3}% 28
\BOOKMARK [1][-]{section.9}{Technologies}{}% 29
\BOOKMARK [1][-]{section.10}{Functional Requirements and Application Design}{}% 30
\BOOKMARK [2][-]{subsection.10.1}{Use Case Prioritization}{section.10}% 31
\BOOKMARK [2][-]{subsection.10.2}{Use Case/Services Contracts}{section.10}% 32
\BOOKMARK [3][-]{subsubsection.10.2.1}{User Login}{subsection.10.2}% 33
\BOOKMARK [3][-]{subsubsection.10.2.2}{User Registration}{subsection.10.2}% 34
\BOOKMARK [3][-]{subsubsection.10.2.3}{Update User}{subsection.10.2}% 35
\BOOKMARK [3][-]{subsubsection.10.2.4}{Remove User}{subsection.10.2}% 36
\BOOKMARK [3][-]{subsubsection.10.2.5}{Create Publication}{subsection.10.2}% 37
\BOOKMARK [3][-]{subsubsection.10.2.6}{Update Publication}{subsection.10.2}% 38
\BOOKMARK [3][-]{subsubsection.10.2.7}{View Publication}{subsection.10.2}% 39
\BOOKMARK [3][-]{subsubsection.10.2.8}{Add Publication Type}{subsection.10.2}% 40
\BOOKMARK [3][-]{subsubsection.10.2.9}{Update Publication Type}{subsection.10.2}% 41
\BOOKMARK [3][-]{subsubsection.10.2.10}{Add Reminder}{subsection.10.2}% 42
\BOOKMARK [3][-]{subsubsection.10.2.11}{Create Research Group}{subsection.10.2}% 43
\BOOKMARK [3][-]{subsubsection.10.2.12}{View Research Group}{subsection.10.2}% 44
\BOOKMARK [3][-]{subsubsection.10.2.13}{Update Research Group}{subsection.10.2}% 45
\BOOKMARK [3][-]{subsubsection.10.2.14}{Remove Research Group}{subsection.10.2}% 46
\BOOKMARK [3][-]{subsubsection.10.2.15}{Create Author}{subsection.10.2}% 47
\BOOKMARK [3][-]{subsubsection.10.2.16}{Update Author}{subsection.10.2}% 48
\BOOKMARK [3][-]{subsubsection.10.2.17}{Generate Report}{subsection.10.2}% 49
\BOOKMARK [2][-]{subsection.10.3}{Required Functionality}{section.10}% 50
\BOOKMARK [3][-]{subsubsection.10.3.1}{User-Research System interaction}{subsection.10.3}% 51
\BOOKMARK [2][-]{subsection.10.4}{Process Specification}{section.10}% 52
\BOOKMARK [2][-]{subsection.10.5}{Domain Model}{section.10}% 53
\BOOKMARK [1][-]{section.11}{Open Issues}{}% 54
