This is XeTeX, Version 3.14159265-2.6-0.99991 (MiKTeX 2.9 64-bit) (preloaded format=xelatex 2016.2.17)  3 MAR 2016 19:22
entering extended mode
**Team_Alpha_Assignment1_Requirements.tex
(Team_Alpha_Assignment1_Requirements.tex
LaTeX2e <2014/05/01>
Babel <3.9l> and hyphenation patterns for 68 languages loaded.
("C:\Program Files\MiKTeX 2.9\tex\latex\base\article.cls"
Document Class: article 2014/09/29 v1.4h Standard LaTeX document class
("C:\Program Files\MiKTeX 2.9\tex\latex\base\size10.clo"
File: size10.clo 2014/09/29 v1.4h Standard LaTeX file (size option)
)
\c@part=\count80
\c@section=\count81
\c@subsection=\count82
\c@subsubsection=\count83
\c@paragraph=\count84
\c@subparagraph=\count85
\c@figure=\count86
\c@table=\count87
\abovecaptionskip=\skip41
\belowcaptionskip=\skip42
\bibindent=\dimen102
)
("C:\Program Files\MiKTeX 2.9\tex\latex\graphics\graphicx.sty"
Package: graphicx 2014/10/28 v1.0g Enhanced LaTeX Graphics (DPC,SPQR)

("C:\Program Files\MiKTeX 2.9\tex\latex\graphics\keyval.sty"
Package: keyval 2014/10/28 v1.15 key=value parser (DPC)
\KV@toks@=\toks14
)
("C:\Program Files\MiKTeX 2.9\tex\latex\graphics\graphics.sty"
Package: graphics 2014/10/28 v1.0p Standard LaTeX Graphics (DPC,SPQR)

("C:\Program Files\MiKTeX 2.9\tex\latex\graphics\trig.sty"
Package: trig 1999/03/16 v1.09 sin cos tan (DPC)
)
("C:\Program Files\MiKTeX 2.9\tex\latex\00miktex\graphics.cfg"
File: graphics.cfg 2007/01/18 v1.5 graphics configuration of teTeX/TeXLive
)
Package graphics Info: Driver file: xetex.def on input line 91.

("C:\Program Files\MiKTeX 2.9\tex\xelatex\xetex-def\xetex.def"
File: xetex.def 2014/07/25 v4.03 LaTeX color/graphics driver for XeTeX (RRM/JK)

))
\Gin@req@height=\dimen103
\Gin@req@width=\dimen104
)
("C:\Program Files\MiKTeX 2.9\tex\latex\float\float.sty"
Package: float 2001/11/08 v1.3d Float enhancements (AL)
\c@float@type=\count88
\float@exts=\toks15
\float@box=\box26
\@float@everytoks=\toks16
\@floatcapt=\box27
)
("C:\Program Files\MiKTeX 2.9\tex\latex\hyperref\hyperref.sty"
Package: hyperref 2012/11/06 v6.83m Hypertext links for LaTeX

("C:\Program Files\MiKTeX 2.9\tex\generic\oberdiek\hobsub-hyperref.sty"
Package: hobsub-hyperref 2012/04/25 v1.12 Bundle oberdiek, subset hyperref (HO)


("C:\Program Files\MiKTeX 2.9\tex\generic\oberdiek\hobsub-generic.sty"
Package: hobsub-generic 2012/04/25 v1.12 Bundle oberdiek, subset generic (HO)
Package: hobsub 2012/04/25 v1.12 Construct package bundles (HO)
Package: infwarerr 2010/04/08 v1.3 Providing info/warning/error messages (HO)
Package: ltxcmds 2011/11/09 v1.22 LaTeX kernel commands for general use (HO)
Package: ifluatex 2010/03/01 v1.3 Provides the ifluatex switch (HO)
Package ifluatex Info: LuaTeX not detected.
Package: ifvtex 2010/03/01 v1.5 Detect VTeX and its facilities (HO)
Package ifvtex Info: VTeX not detected.
Package: intcalc 2007/09/27 v1.1 Expandable calculations with integers (HO)
Package: ifpdf 2011/01/30 v2.3 Provides the ifpdf switch (HO)
Package ifpdf Info: pdfTeX in PDF mode is not detected.
Package: etexcmds 2011/02/16 v1.5 Avoid name clashes with e-TeX commands (HO)
Package etexcmds Info: Could not find \expanded.
(etexcmds)             That can mean that you are not using pdfTeX 1.50 or
(etexcmds)             that some package has redefined \expanded.
(etexcmds)             In the latter case, load this package earlier.
Package: kvsetkeys 2012/04/25 v1.16 Key value parser (HO)
Package: kvdefinekeys 2011/04/07 v1.3 Define keys (HO)
Package: pdftexcmds 2011/11/29 v0.20 Utility functions of pdfTeX for LuaTeX (HO
)
Package pdftexcmds Info: LuaTeX not detected.
Package pdftexcmds Info: pdfTeX >= 1.30 not detected.
Package pdftexcmds Info: \pdf@primitive is available.
Package pdftexcmds Info: \pdf@ifprimitive is available.
Package pdftexcmds Info: \pdfdraftmode not found.
Package: pdfescape 2011/11/25 v1.13 Implements pdfTeX's escape features (HO)
Package: bigintcalc 2012/04/08 v1.3 Expandable calculations on big integers (HO
)
Package: bitset 2011/01/30 v1.1 Handle bit-vector datatype (HO)
Package: uniquecounter 2011/01/30 v1.2 Provide unlimited unique counter (HO)
)
Package hobsub Info: Skipping package `hobsub' (already loaded).
Package: letltxmacro 2010/09/02 v1.4 Let assignment for LaTeX macros (HO)
Package: hopatch 2011/06/24 v1.1 Wrapper for package hooks (HO)
Package: xcolor-patch 2011/01/30 xcolor patch
Package: atveryend 2011/06/30 v1.8 Hooks at the very end of document (HO)
Package atveryend Info: \enddocument detected (standard20110627).
Package: atbegshi 2011/10/05 v1.16 At begin shipout hook (HO)
Package: refcount 2011/10/16 v3.4 Data extraction from label references (HO)
Package: hycolor 2011/01/30 v1.7 Color options for hyperref/bookmark (HO)
)
("C:\Program Files\MiKTeX 2.9\tex\generic\ifxetex\ifxetex.sty"
Package: ifxetex 2010/09/12 v0.6 Provides ifxetex conditional
)
("C:\Program Files\MiKTeX 2.9\tex\latex\oberdiek\auxhook.sty"
Package: auxhook 2011/03/04 v1.3 Hooks for auxiliary files (HO)
)
("C:\Program Files\MiKTeX 2.9\tex\latex\oberdiek\kvoptions.sty"
Package: kvoptions 2011/06/30 v3.11 Key value format for package options (HO)
)
\@linkdim=\dimen105
\Hy@linkcounter=\count89
\Hy@pagecounter=\count90

("C:\Program Files\MiKTeX 2.9\tex\latex\hyperref\pd1enc.def"
File: pd1enc.def 2012/11/06 v6.83m Hyperref: PDFDocEncoding definition (HO)
)
\Hy@SavedSpaceFactor=\count91

("C:\Program Files\MiKTeX 2.9\tex\latex\00miktex\hyperref.cfg"
File: hyperref.cfg 2002/06/06 v1.2 hyperref configuration of TeXLive
)
Package hyperref Info: Hyper figures OFF on input line 4443.
Package hyperref Info: Link nesting OFF on input line 4448.
Package hyperref Info: Hyper index ON on input line 4451.
Package hyperref Info: Plain pages OFF on input line 4458.
Package hyperref Info: Backreferencing OFF on input line 4463.
Package hyperref Info: Implicit mode ON; LaTeX internals redefined.
Package hyperref Info: Bookmarks ON on input line 4688.
\c@Hy@tempcnt=\count92

("C:\Program Files\MiKTeX 2.9\tex\latex\url\url.sty"
\Urlmuskip=\muskip10
Package: url 2013/09/16  ver 3.4  Verb mode for urls, etc.
)
LaTeX Info: Redefining \url on input line 5041.
\XeTeXLinkMargin=\dimen106
Requested font "pzdr" at 0.00002pt
\Fld@menulength=\count93
\Field@Width=\dimen107
\Fld@charsize=\dimen108
Package hyperref Info: Hyper figures OFF on input line 6295.
Package hyperref Info: Link nesting OFF on input line 6300.
Package hyperref Info: Hyper index ON on input line 6303.
Package hyperref Info: backreferencing OFF on input line 6310.
Package hyperref Info: Link coloring OFF on input line 6315.
Package hyperref Info: Link coloring with OCG OFF on input line 6320.
Package hyperref Info: PDF/A mode OFF on input line 6325.
LaTeX Info: Redefining \ref on input line 6365.
LaTeX Info: Redefining \pageref on input line 6369.
\Hy@abspage=\count94
\c@Item=\count95
\c@Hfootnote=\count96
)

Package hyperref Message: Driver (autodetected): hxetex.

("C:\Program Files\MiKTeX 2.9\tex\latex\hyperref\hxetex.def"
File: hxetex.def 2012/11/06 v6.83m Hyperref driver for XeTeX

("C:\Program Files\MiKTeX 2.9\tex\latex\hyperref\puenc.def"
File: puenc.def 2012/11/06 v6.83m Hyperref: PDF Unicode definition (HO)
)
("C:\Program Files\MiKTeX 2.9\tex\generic\oberdiek\stringenc.sty"
Package: stringenc 2011/12/02 v1.10 Convert strings between diff. encodings (HO
)
)
\pdfm@box=\box28
\c@Hy@AnnotLevel=\count97
\HyField@AnnotCount=\count98
\Fld@listcount=\count99
\c@bookmark@seq@number=\count100

("C:\Program Files\MiKTeX 2.9\tex\latex\oberdiek\rerunfilecheck.sty"
Package: rerunfilecheck 2011/04/15 v1.7 Rerun checks for auxiliary files (HO)
Package rerunfilecheck Info: Feature \pdfmdfivesum is not available
(rerunfilecheck)             (e.g. pdfTeX or LuaTeX with package `pdftexcmds').

(rerunfilecheck)             Therefore file contents cannot be checked efficien
tly
(rerunfilecheck)             and the loading of the package is aborted.
)
\Hy@SectionHShift=\skip43
)
(Team_Alpha_Assignment1_Requirements.aux

LaTeX Warning: Label `overflow' multiply defined.


LaTeX Warning: Label `overflow' multiply defined.


LaTeX Warning: Label `overflow' multiply defined.

)
LaTeX Font Info:    Checking defaults for OML/cmm/m/it on input line 25.
LaTeX Font Info:    ... okay on input line 25.
LaTeX Font Info:    Checking defaults for T1/cmr/m/n on input line 25.
LaTeX Font Info:    ... okay on input line 25.
LaTeX Font Info:    Checking defaults for OT1/cmr/m/n on input line 25.
LaTeX Font Info:    ... okay on input line 25.
LaTeX Font Info:    Checking defaults for OMS/cmsy/m/n on input line 25.
LaTeX Font Info:    ... okay on input line 25.
LaTeX Font Info:    Checking defaults for OMX/cmex/m/n on input line 25.
LaTeX Font Info:    ... okay on input line 25.
LaTeX Font Info:    Checking defaults for U/cmr/m/n on input line 25.
LaTeX Font Info:    ... okay on input line 25.
LaTeX Font Info:    Checking defaults for PD1/pdf/m/n on input line 25.
LaTeX Font Info:    ... okay on input line 25.
LaTeX Font Info:    Checking defaults for PU/pdf/m/n on input line 25.
LaTeX Font Info:    ... okay on input line 25.
\AtBeginShipoutBox=\box29
Package hyperref Info: Link coloring OFF on input line 25.
 ("C:\Program Files\MiKTeX 2.9\tex\latex\hyperref\nameref.sty"
Package: nameref 2012/10/27 v2.43 Cross-referencing by name of section

("C:\Program Files\MiKTeX 2.9\tex\generic\oberdiek\gettitlestring.sty"
Package: gettitlestring 2010/12/03 v1.4 Cleanup title references (HO)
)
\c@section@level=\count101
)
LaTeX Info: Redefining \ref on input line 25.
LaTeX Info: Redefining \pageref on input line 25.
LaTeX Info: Redefining \nameref on input line 25.

(Team_Alpha_Assignment1_Requirements.out)
(Team_Alpha_Assignment1_Requirements.out)
\@outlinefile=\write3
Requested font "cmr17" at 17.28pt
Requested font "cmr17" at 20.74pt
Requested font "cmr12" at 12.0pt
Requested font "cmr8" at 8.0pt
Requested font "cmr6" at 6.0pt
Requested font "cmmi12" at 12.0pt
Requested font "cmmi8" at 8.0pt
Requested font "cmmi6" at 6.0pt
Requested font "cmsy10" at 12.0pt
Requested font "cmsy8" at 8.0pt
Requested font "cmsy6" at 6.0pt
LaTeX Font Info:    External font `cmex10' loaded for size
(Font)              <12> on input line 28.
LaTeX Font Info:    External font `cmex10' loaded for size
(Font)              <8> on input line 28.
LaTeX Font Info:    External font `cmex10' loaded for size
(Font)              <6> on input line 28.
Requested font "cmti12" at 12.0pt

("C:\Program Files\MiKTeX 2.9\tex\generic\oberdiek\se-ascii-print.def"
File: se-ascii-print.def 2011/12/02 v1.10 stringenc: Printable ASCII characters

)
[1

]
Requested font "cmr12" at 14.4pt
Requested font "cmbx12" at 14.4pt
 (Team_Alpha_Assignment1_Requirements.toc
Requested font "cmbx10" at 10.0pt
LaTeX Font Info:    External font `cmex10' loaded for size
(Font)              <7> on input line 4.
LaTeX Font Info:    External font `cmex10' loaded for size
(Font)              <5> on input line 4.
)
\tf@toc=\write4
 [1]
Requested font "cmbx12" at 12.0pt

Underfull \hbox (badness 10000) in paragraph at lines 52--56

 []


Underfull \hbox (badness 10000) in paragraph at lines 52--56

 []


Underfull \hbox (badness 10000) in paragraph at lines 52--56

 []


Underfull \hbox (badness 10000) in paragraph at lines 59--61

 []

[2]
Underfull \hbox (badness 10000) in paragraph at lines 62--64

 []

LaTeX Font Info:    Try loading font information for OMS+cmr on input line 67.
("C:\Program Files\MiKTeX 2.9\tex\latex\base\omscmr.fd"
File: omscmr.fd 2014/09/29 v2.5h Standard LaTeX font definitions
)
LaTeX Font Info:    Font shape `OMS/cmr/m/n' in size <10> not available
(Font)              Font shape `OMS/cmsy/m/n' tried instead on input line 67.

Underfull \hbox (badness 10000) in paragraph at lines 78--80

 []

[3]
Underfull \hbox (badness 10000) in paragraph at lines 89--91

 []


Underfull \hbox (badness 10000) in paragraph at lines 105--108

 []


Underfull \hbox (badness 10000) in paragraph at lines 105--108

 []

[4]
Underfull \hbox (badness 10000) in paragraph at lines 119--122

 []

File: 5.1.1.Login.Services.Contract.png Graphic file (type QTm)
<use  "5.1.1.Login.Services.Contract.png" > [5] [6]
Underfull \hbox (badness 10000) in paragraph at lines 148--150

 []

File: 5.1.2.Registration.Services.Contract.png Graphic file (type QTm)
<use  "5.1.2.Registration.Services.Contract.png" > [7]
Underfull \hbox (badness 10000) in paragraph at lines 174--176

 []

File: 5.1.3.Update.User.Services.Contract.png Graphic file (type QTm)
<use  "5.1.3.Update.User.Services.Contract.png" > [8]
Underfull \hbox (badness 10000) in paragraph at lines 197--199

 []

File: 5.1.4.Remove.User.Services.Contract.png Graphic file (type QTm)
<use  "5.1.4.Remove.User.Services.Contract.png" > [9]
Underfull \hbox (badness 10000) in paragraph at lines 222--224

 []

File: 5.1.5.Create.Publication.Services.Contract.png Graphic file (type QTm)
<use  "5.1.5.Create.Publication.Services.Contract.png" > [10]
Underfull \hbox (badness 10000) in paragraph at lines 246--249

 []


Underfull \hbox (badness 10000) in paragraph at lines 246--249

 []

File: 5.1.6.Update.Publication.Services.Contract.png Graphic file (type QTm)
<use  "5.1.6.Update.Publication.Services.Contract.png" > [11]
Underfull \hbox (badness 10000) in paragraph at lines 270--273

 []


Underfull \hbox (badness 10000) in paragraph at lines 270--273

 []

File: 5.1.7.View.Publication.Services.Contract.png Graphic file (type QTm)
<use  "5.1.7.View.Publication.Services.Contract.png" > [12]
Underfull \hbox (badness 10000) in paragraph at lines 296--299

 []


Underfull \hbox (badness 10000) in paragraph at lines 296--299

 []

File: 5.1.8.Add.Publication.Type.Services.Contract.png Graphic file (type QTm)
<use  "5.1.8.Add.Publication.Type.Services.Contract.png" > [13]
Underfull \hbox (badness 10000) in paragraph at lines 322--324

 []

File: 5.1.9.Update.Publication.Type.Services.Contract.png Graphic file (type QT
m)
<use  "5.1.9.Update.Publication.Type.Services.Contract.png" > [14]
Underfull \hbox (badness 10000) in paragraph at lines 346--349

 []

File: 5.1.10.Add.Reminder.Services.Contract.png Graphic file (type QTm)
<use  "5.1.10.Add.Reminder.Services.Contract.png" > [15]
Underfull \hbox (badness 10000) in paragraph at lines 370--372

 []

File: 5.1.11.Create.Research.Group.Services.Contract.png Graphic file (type QTm
)
<use  "5.1.11.Create.Research.Group.Services.Contract.png" > [16]
Underfull \hbox (badness 10000) in paragraph at lines 394--396

 []

File: 5.1.12.View.Research.Group.Services.Contract.png Graphic file (type QTm)
<use  "5.1.12.View.Research.Group.Services.Contract.png" > [17]
Underfull \hbox (badness 10000) in paragraph at lines 416--418

 []

File: 5.1.13.Update.Research.Group.Services.Contract.png Graphic file (type QTm
)
<use  "5.1.13.Update.Research.Group.Services.Contract.png" > [18]
Underfull \hbox (badness 10000) in paragraph at lines 438--440

 []

File: 5.1.14.Remove.Research.Group.Services.Contract.png Graphic file (type QTm
)
<use  "5.1.14.Remove.Research.Group.Services.Contract.png" > [19]
Underfull \hbox (badness 10000) in paragraph at lines 461--463

 []

File: 5.1.15.Create.Author.Services.Contract.png Graphic file (type QTm)
<use  "5.1.15.Create.Author.Services.Contract.png" > [20]
Underfull \hbox (badness 10000) in paragraph at lines 483--485

 []

File: 5.1.16.Update.Author.Services.Contract.png Graphic file (type QTm)
<use  "5.1.16.Update.Author.Services.Contract.png" > [21]
Underfull \hbox (badness 10000) in paragraph at lines 504--506

 []

File: 5.1.17.Generate.Report.Services.Contract.png Graphic file (type QTm)
<use  "5.1.17.Generate.Report.Services.Contract.png" > [22]
File: Overview.jpg Graphic file (type QTm)

<use  "Overview.jpg" >
File: AccessNormaluser.jpg Graphic file (type QTm)
 <use  "AccessNormaluser.jpg" > [23]
File: AccessHODAdmin.jpg Graphic file (type QTm)

<use  "AccessHODAdmin.jpg" > [24] [25]
File: AddUser.jpg Graphic file (type QTm)
 <use  "AddUser.jpg" >
File: removeUser.jpg Graphic file (type QTm)

<use  "removeUser.jpg" >
File: UpdateUser.jpg Graphic file (type QTm)
 <use  "UpdateUser.jpg" > [26]
File: AddPublication.jpg Graphic file (type QTm)

<use  "AddPublication.jpg" > [27]
File: UpdatePublication.jpg Graphic file (type QTm)
 <use  "UpdatePublication.jpg" >
File: ViewPublication.jpg Graphic file (type QTm)

<use  "ViewPublication.jpg" > [28] [29]
File: DomainModel.jpg Graphic file (type QTm)
 <use  "DomainModel.jpg" > [30] [31]
Package atveryend Info: Empty hook `BeforeClearDocument' on input line 630.

[32]
Package atveryend Info: Empty hook `AfterLastShipout' on input line 630.
 (Team_Alpha_Assignment1_Requirements.aux)
Package atveryend Info: Empty hook `AtVeryEndDocument' on input line 630.
Package atveryend Info: Empty hook `AtEndAfterFileList' on input line 630.


LaTeX Warning: There were multiply-defined labels.

Package atveryend Info: Empty hook `AtVeryVeryEnd' on input line 630.
 ) 
Here is how much of TeX's memory you used:
 8187 strings out of 428790
 114736 string characters out of 3164815
 181427 words of memory out of 3000000
 11457 multiletter control sequences out of 15000+200000
 8901 words of font info for 31 fonts, out of 3000000 for 9000
 1096 hyphenation exceptions out of 8191
 29i,6n,45p,655b,382s stack positions out of 5000i,500n,10000p,200000b,50000s

Output written on Team_Alpha_Assignment1_Requirements.pdf (33 pages).
