\BOOKMARK [1][-]{section.1}{Introduction}{}% 1
\BOOKMARK [1][-]{section.2}{Vision}{}% 2
\BOOKMARK [1][-]{section.3}{Background}{}% 3
\BOOKMARK [2][-]{subsection.3.1}{The\040client's\040problem}{section.3}% 4
\BOOKMARK [2][-]{subsection.3.2}{Future\040business/research\040opportunities}{section.3}% 5
\BOOKMARK [1][-]{section.4}{Architecture\040Requirements}{}% 6
\BOOKMARK [2][-]{subsection.4.1}{Access\040Channel\040Requirements}{section.4}% 7
\BOOKMARK [2][-]{subsection.4.2}{Quality\040Requirements}{section.4}% 8
\BOOKMARK [2][-]{subsection.4.3}{Integration\040Requirements}{section.4}% 9
\BOOKMARK [2][-]{subsection.4.4}{Architecture\040Constraints}{section.4}% 10
\BOOKMARK [1][-]{section.5}{Functional\040Requirements\040and\040Application\040Design}{}% 11
\BOOKMARK [2][-]{subsection.5.1}{Use\040Case\040Prioritization}{section.5}% 12
\BOOKMARK [2][-]{subsection.5.2}{Use\040Case/Services\040Contracts}{section.5}% 13
\BOOKMARK [3][-]{subsubsection.5.2.1}{User\040Login}{subsection.5.2}% 14
\BOOKMARK [3][-]{subsubsection.5.2.2}{User\040Registration}{subsection.5.2}% 15
\BOOKMARK [3][-]{subsubsection.5.2.3}{Update\040User}{subsection.5.2}% 16
\BOOKMARK [3][-]{subsubsection.5.2.4}{Remove\040User}{subsection.5.2}% 17
\BOOKMARK [3][-]{subsubsection.5.2.5}{Create\040Publication}{subsection.5.2}% 18
\BOOKMARK [3][-]{subsubsection.5.2.6}{Update\040Publication}{subsection.5.2}% 19
\BOOKMARK [3][-]{subsubsection.5.2.7}{View\040Publication}{subsection.5.2}% 20
\BOOKMARK [3][-]{subsubsection.5.2.8}{Add\040Publication\040Type}{subsection.5.2}% 21
\BOOKMARK [3][-]{subsubsection.5.2.9}{Update\040Publication\040Type}{subsection.5.2}% 22
\BOOKMARK [3][-]{subsubsection.5.2.10}{Add\040Reminder}{subsection.5.2}% 23
\BOOKMARK [3][-]{subsubsection.5.2.11}{Create\040Research\040Group}{subsection.5.2}% 24
\BOOKMARK [3][-]{subsubsection.5.2.12}{View\040Research\040Group}{subsection.5.2}% 25
\BOOKMARK [3][-]{subsubsection.5.2.13}{Update\040Research\040Group}{subsection.5.2}% 26
\BOOKMARK [3][-]{subsubsection.5.2.14}{Remove\040Research\040Group}{subsection.5.2}% 27
\BOOKMARK [3][-]{subsubsection.5.2.15}{Create\040Author}{subsection.5.2}% 28
\BOOKMARK [3][-]{subsubsection.5.2.16}{Update\040Author}{subsection.5.2}% 29
\BOOKMARK [3][-]{subsubsection.5.2.17}{Generate\040Report}{subsection.5.2}% 30
\BOOKMARK [2][-]{subsection.5.3}{Required\040Functionality}{section.5}% 31
\BOOKMARK [3][-]{subsubsection.5.3.1}{User-Research\040System\040interaction}{subsection.5.3}% 32
\BOOKMARK [2][-]{subsection.5.4}{Process\040Specification}{section.5}% 33
\BOOKMARK [2][-]{subsection.5.5}{Domain\040Model}{section.5}% 34
\BOOKMARK [1][-]{section.6}{Open\040Issues}{}% 35
